2022-10-26T11:12:57.413Z	4e4c8ea9-e287-4383-b7d6-f9061212505c	POST:	/users	http://localhost:3000 
2022-10-26T11:19:08.770Z	29dc196b-f048-4006-8823-5daa7dd90e7a	POST:	/users	http://localhost:3000 
2022-10-26T11:19:16.134Z	1b398daf-8bda-4fca-ac1c-5947e1222737	POST:	/users	http://localhost:3000 
2022-10-26T11:22:37.920Z	4c54e0aa-ede4-4dc4-871a-5d305b5b7518	POST:	/api/v1/users	http://localhost:3000 
2022-10-26T11:35:09.554Z	19c7e18a-ad03-4920-85e5-c835c2559fdd	POST:	/api/v1/users	http://localhost:3000 
2022-10-26T11:35:28.709Z	3bc717fc-2559-476e-8ad9-2e5ff316b3bd	POST:	/api/v1/users	http://localhost:3000 
2022-10-26T11:36:19.176Z	020ac80b-7b6d-4930-bda4-edbec17f7ed1	POST:	/api/v1/users	http://localhost:3000 
2022-10-26T11:37:20.552Z	dc146428-4a35-4928-bc7d-4bd53f093c48	POST:	/api/v1/users	http://localhost:3000 
2022-10-26T11:39:59.120Z	27d21fbf-0f8d-4335-8ab1-5af6f0cbdd90	POST:	/api/v1/users	http://localhost:3000 
2022-10-26T11:40:03.781Z	08c6fad9-6439-4643-b4ca-ce6468a3771d	POST:	/api/v1/users	http://localhost:3000 
2022-10-26T11:40:05.962Z	af9b448b-96aa-4d91-8efa-d64276f73766	POST:	/api/v1/users	http://localhost:3000 
2022-10-26T11:41:29.317Z	65993987-d5d3-4a89-89e3-b3640376e4fa	POST:	/api/v1/users	http://localhost:3000 
2022-10-26T11:41:30.392Z	4fd9721c-422f-4087-b455-ddd2d43858ad	POST:	/api/v1/users	http://localhost:3000 
2022-10-26T11:41:47.020Z	1191701b-5fba-49dd-8bc1-46cad18be8f0	POST:	/api/v1/users	http://localhost:3000 
2022-10-26T11:43:33.007Z	cd5aaace-8e3a-40bb-85ff-ceb6655f2345	POST:	/api/v1/users	http://localhost:3000 
2022-10-26T11:44:24.990Z	e93c0b82-199a-4730-a464-c0a7c74faa76	POST:	/api/v1/users	http://localhost:3000 
2022-10-26T11:44:27.038Z	d479a410-3350-4922-804a-5a6ab5556b91	POST:	/api/v1/users	http://localhost:3000 
2022-10-26T11:48:03.610Z	977a71b4-2497-40d1-bffa-1fdda6af93ee	POST:	/api/v1/users	http://localhost:3000 
2022-10-26T11:50:06.211Z	f9c31fd7-c0ed-46db-af35-612f592a7547	POST:	/api/v1/users	http://localhost:3000 
2022-10-26T13:39:53.924Z	e09883fb-ce3a-42a8-9acf-cca4e56f4ae2	POST:	/api/v1/users	http://localhost:3000 
2022-10-26T13:43:32.294Z	d39a205c-52a7-49e7-8698-6ef25c64eb34	POST:	/api/v1/users	http://localhost:3000 
2022-10-26T13:43:42.107Z	41e0a61c-489e-4156-9662-a9b9aef4bf24	POST:	/api/v1/users	http://localhost:3000 
2022-10-26T13:45:52.685Z	be940c2b-1ab0-466b-88d6-5d121361e16a	POST:	/api/v1/users	http://localhost:3000 
2022-10-26T13:46:42.046Z	e8aa62f9-5ac0-43e9-a8ef-c705638337ce	POST:	/api/v1/users	http://localhost:3000 
2022-10-26T13:48:12.035Z	1454668a-c31a-4515-bf66-c765e7fbd8e6	POST:	/api/v1/users	http://localhost:3000 
2022-10-26T13:51:07.703Z	60559117-8f04-481c-ad00-f37d8570bb96	POST:	/api/v1/users	http://localhost:3000 
2022-10-26T13:51:12.187Z	b17ca921-a2d4-4d17-b9ca-b7964d236980	POST:	/api/v1/users	http://localhost:3000 
2022-10-26T13:51:16.525Z	fddd10e3-0594-45aa-acdc-df2510487654	POST:	/api/v1/users	http://localhost:3000 
2022-10-26T13:51:20.635Z	abe0e33f-7de1-4583-8070-7f9b4cae3da0	POST:	/api/v1/users	http://localhost:3000 
2022-10-26T13:51:24.828Z	cbe7eb12-4b60-4672-8f6c-49312b9339a5	POST:	/api/v1/users	http://localhost:3000 
2022-10-26T13:51:30.045Z	2579b67d-4b66-4b4f-a437-3b70603e6319	POST:	/api/v1/users	http://localhost:3000 
2022-10-26T13:52:33.154Z	ed125689-a20e-4317-a4e7-91982fcda800	POST:	/api/v1/users	http://localhost:3000 
2022-10-26T13:52:44.541Z	c350e14e-6f31-4e1e-9988-4488dc1ab608	POST:	/api/v1/users	http://localhost:3000 
2022-10-26T13:58:04.686Z	f266b3ed-eaf6-4ac6-9647-a3adbc15f662	POST:	/api/v1/users	http://localhost:3000 
2022-10-26T14:23:00.903Z	3539b8f4-8392-440a-ac88-c0995b3b5e0c	POST:	/api/v1/users	http://localhost:3000 
2022-10-26T14:25:49.122Z	f1c2b4cf-bdad-4f16-87b3-c2bf93cb4357	POST:	/api/v1/users	http://localhost:3000 
