2022-10-26T11:22:38.277Z	b2e8cc7e-dc72-4e11-9029-b3b7ef7018c5	ValidationError: User validation failed: recovery_key: Path `recovery_key` is required., user_name: Username must be provided.
    at model.Document.invalidate (E:\Extras\Projectos\Meus Projectos\Messenger\server\node_modules\mongoose\lib\document.js:3054:32)
    at E:\Extras\Projectos\Meus Projectos\Messenger\server\node_modules\mongoose\lib\document.js:2842:17
    at E:\Extras\Projectos\Meus Projectos\Messenger\server\node_modules\mongoose\lib\schematype.js:1349:9
    at processTicksAndRejections (node:internal/process/task_queues:78:11)
2022-10-26T11:37:20.580Z	f5b00391-7e49-4adc-bef2-a5ba4c8fab0f	ValidationError: User validation failed: recovery_key: Path `recovery_key` is required.
    at model.Document.invalidate (E:\Extras\Projectos\Meus Projectos\Messenger\server\node_modules\mongoose\lib\document.js:3054:32)
    at E:\Extras\Projectos\Meus Projectos\Messenger\server\node_modules\mongoose\lib\document.js:2842:17
    at E:\Extras\Projectos\Meus Projectos\Messenger\server\node_modules\mongoose\lib\schematype.js:1349:9
    at processTicksAndRejections (node:internal/process/task_queues:78:11)
2022-10-27T11:18:36.609Z	dc9e7239-3dc9-44a5-969f-8f28662ec67a	TypeError: Cannot read properties of undefined (reading 'PROD_ENV')
    at E:\Extras\Projectos\Meus Projectos\Messenger\server\src\controllers\auth-controller.ts:49:22
    at Generator.next (<anonymous>)
    at fulfilled (E:\Extras\Projectos\Meus Projectos\Messenger\server\src\controllers\auth-controller.ts:28:58)
2022-10-27T11:18:47.563Z	56ce0a7c-89e5-470b-a843-5d4c560d2e9f	TypeError: Cannot read properties of undefined (reading 'PROD_ENV')
    at E:\Extras\Projectos\Meus Projectos\Messenger\server\src\controllers\auth-controller.ts:49:22
    at Generator.next (<anonymous>)
    at fulfilled (E:\Extras\Projectos\Meus Projectos\Messenger\server\src\controllers\auth-controller.ts:28:58)
2022-10-27T11:29:00.596Z	79912657-e84d-421d-b67e-4dc20ba666d3	TypeError: Cannot read properties of undefined (reading 'PROD_ENV')
    at E:\Extras\Projectos\Meus Projectos\Messenger\server\src\controllers\auth-controller.ts:48:22
    at Generator.next (<anonymous>)
    at fulfilled (E:\Extras\Projectos\Meus Projectos\Messenger\server\src\controllers\auth-controller.ts:28:58)
2022-10-27T11:29:17.389Z	d21c3e1e-cf36-4272-8b99-5b5f7e838209	TypeError: Cannot read properties of undefined (reading 'PROD_ENV')
    at E:\Extras\Projectos\Meus Projectos\Messenger\server\src\controllers\auth-controller.ts:48:22
    at Generator.next (<anonymous>)
    at fulfilled (E:\Extras\Projectos\Meus Projectos\Messenger\server\src\controllers\auth-controller.ts:28:58)
2022-10-27T11:31:26.636Z	9495c484-2b7e-4bf7-97aa-80915e958398	TypeError: Cannot read properties of undefined (reading 'PROD_ENV')
    at E:\Extras\Projectos\Meus Projectos\Messenger\server\src\controllers\auth-controller.ts:48:22
    at Generator.next (<anonymous>)
    at fulfilled (E:\Extras\Projectos\Meus Projectos\Messenger\server\src\controllers\auth-controller.ts:28:58)
2022-10-27T11:31:30.938Z	5cae8761-eb4b-44cb-9168-62e328b041c1	TypeError: Cannot read properties of undefined (reading 'PROD_ENV')
    at E:\Extras\Projectos\Meus Projectos\Messenger\server\src\controllers\auth-controller.ts:48:22
    at Generator.next (<anonymous>)
    at fulfilled (E:\Extras\Projectos\Meus Projectos\Messenger\server\src\controllers\auth-controller.ts:28:58)
2022-10-27T11:32:52.358Z	44006de9-1aa4-477e-9ce2-f96214c60474	TypeError: Cannot read properties of undefined (reading 'current_env')
    at E:\Extras\Projectos\Meus Projectos\Messenger\server\src\controllers\auth-controller.ts:17:27
    at Generator.next (<anonymous>)
    at E:\Extras\Projectos\Meus Projectos\Messenger\server\src\controllers\auth-controller.ts:31:71
    at new Promise (<anonymous>)
    at __awaiter (E:\Extras\Projectos\Meus Projectos\Messenger\server\src\controllers\auth-controller.ts:27:12)
    at login (E:\Extras\Projectos\Meus Projectos\Messenger\server\src\controllers\auth-controller.ts:48:16)
    at E:\Extras\Projectos\Meus Projectos\Messenger\server\src\utils\async-wrapper.ts:15:21
    at Layer.handle [as handle_request] (E:\Extras\Projectos\Meus Projectos\Messenger\server\node_modules\express\lib\router\layer.js:95:5)
    at next (E:\Extras\Projectos\Meus Projectos\Messenger\server\node_modules\express\lib\router\route.js:144:13)
    at Route.dispatch (E:\Extras\Projectos\Meus Projectos\Messenger\server\node_modules\express\lib\router\route.js:114:3)
2022-10-27T11:32:56.552Z	2d26a31b-302b-4c05-bfda-74ac412d9c60	TypeError: Cannot read properties of undefined (reading 'current_env')
    at E:\Extras\Projectos\Meus Projectos\Messenger\server\src\controllers\auth-controller.ts:17:27
    at Generator.next (<anonymous>)
    at E:\Extras\Projectos\Meus Projectos\Messenger\server\src\controllers\auth-controller.ts:31:71
    at new Promise (<anonymous>)
    at __awaiter (E:\Extras\Projectos\Meus Projectos\Messenger\server\src\controllers\auth-controller.ts:27:12)
    at login (E:\Extras\Projectos\Meus Projectos\Messenger\server\src\controllers\auth-controller.ts:48:16)
    at E:\Extras\Projectos\Meus Projectos\Messenger\server\src\utils\async-wrapper.ts:15:21
    at Layer.handle [as handle_request] (E:\Extras\Projectos\Meus Projectos\Messenger\server\node_modules\express\lib\router\layer.js:95:5)
    at next (E:\Extras\Projectos\Meus Projectos\Messenger\server\node_modules\express\lib\router\route.js:144:13)
    at Route.dispatch (E:\Extras\Projectos\Meus Projectos\Messenger\server\node_modules\express\lib\router\route.js:114:3)
2022-10-27T11:32:59.153Z	0b1b46c3-8605-4af9-a1bf-8fd09e30e97b	TypeError: Cannot read properties of undefined (reading 'current_env')
    at E:\Extras\Projectos\Meus Projectos\Messenger\server\src\controllers\auth-controller.ts:17:27
    at Generator.next (<anonymous>)
    at E:\Extras\Projectos\Meus Projectos\Messenger\server\src\controllers\auth-controller.ts:31:71
    at new Promise (<anonymous>)
    at __awaiter (E:\Extras\Projectos\Meus Projectos\Messenger\server\src\controllers\auth-controller.ts:27:12)
    at login (E:\Extras\Projectos\Meus Projectos\Messenger\server\src\controllers\auth-controller.ts:48:16)
    at E:\Extras\Projectos\Meus Projectos\Messenger\server\src\utils\async-wrapper.ts:15:21
    at Layer.handle [as handle_request] (E:\Extras\Projectos\Meus Projectos\Messenger\server\node_modules\express\lib\router\layer.js:95:5)
    at next (E:\Extras\Projectos\Meus Projectos\Messenger\server\node_modules\express\lib\router\route.js:144:13)
    at Route.dispatch (E:\Extras\Projectos\Meus Projectos\Messenger\server\node_modules\express\lib\router\route.js:114:3)
2022-10-27T11:33:00.158Z	ff0e2d31-a2b6-42f6-9512-bcd8f25a8988	TypeError: Cannot read properties of undefined (reading 'current_env')
    at E:\Extras\Projectos\Meus Projectos\Messenger\server\src\controllers\auth-controller.ts:17:27
    at Generator.next (<anonymous>)
    at E:\Extras\Projectos\Meus Projectos\Messenger\server\src\controllers\auth-controller.ts:31:71
    at new Promise (<anonymous>)
    at __awaiter (E:\Extras\Projectos\Meus Projectos\Messenger\server\src\controllers\auth-controller.ts:27:12)
    at login (E:\Extras\Projectos\Meus Projectos\Messenger\server\src\controllers\auth-controller.ts:48:16)
    at E:\Extras\Projectos\Meus Projectos\Messenger\server\src\utils\async-wrapper.ts:15:21
    at Layer.handle [as handle_request] (E:\Extras\Projectos\Meus Projectos\Messenger\server\node_modules\express\lib\router\layer.js:95:5)
    at next (E:\Extras\Projectos\Meus Projectos\Messenger\server\node_modules\express\lib\router\route.js:144:13)
    at Route.dispatch (E:\Extras\Projectos\Meus Projectos\Messenger\server\node_modules\express\lib\router\route.js:114:3)
2022-10-27T11:33:01.286Z	cff13337-893a-4d28-a034-6db265ca9cdf	TypeError: Cannot read properties of undefined (reading 'current_env')
    at E:\Extras\Projectos\Meus Projectos\Messenger\server\src\controllers\auth-controller.ts:17:27
    at Generator.next (<anonymous>)
    at E:\Extras\Projectos\Meus Projectos\Messenger\server\src\controllers\auth-controller.ts:31:71
    at new Promise (<anonymous>)
    at __awaiter (E:\Extras\Projectos\Meus Projectos\Messenger\server\src\controllers\auth-controller.ts:27:12)
    at login (E:\Extras\Projectos\Meus Projectos\Messenger\server\src\controllers\auth-controller.ts:48:16)
    at E:\Extras\Projectos\Meus Projectos\Messenger\server\src\utils\async-wrapper.ts:15:21
    at Layer.handle [as handle_request] (E:\Extras\Projectos\Meus Projectos\Messenger\server\node_modules\express\lib\router\layer.js:95:5)
    at next (E:\Extras\Projectos\Meus Projectos\Messenger\server\node_modules\express\lib\router\route.js:144:13)
    at Route.dispatch (E:\Extras\Projectos\Meus Projectos\Messenger\server\node_modules\express\lib\router\route.js:114:3)
2022-10-27T11:33:01.862Z	51602c21-099c-4d90-b1e1-b92e9178c29f	TypeError: Cannot read properties of undefined (reading 'current_env')
    at E:\Extras\Projectos\Meus Projectos\Messenger\server\src\controllers\auth-controller.ts:17:27
    at Generator.next (<anonymous>)
    at E:\Extras\Projectos\Meus Projectos\Messenger\server\src\controllers\auth-controller.ts:31:71
    at new Promise (<anonymous>)
    at __awaiter (E:\Extras\Projectos\Meus Projectos\Messenger\server\src\controllers\auth-controller.ts:27:12)
    at login (E:\Extras\Projectos\Meus Projectos\Messenger\server\src\controllers\auth-controller.ts:48:16)
    at E:\Extras\Projectos\Meus Projectos\Messenger\server\src\utils\async-wrapper.ts:15:21
    at Layer.handle [as handle_request] (E:\Extras\Projectos\Meus Projectos\Messenger\server\node_modules\express\lib\router\layer.js:95:5)
    at next (E:\Extras\Projectos\Meus Projectos\Messenger\server\node_modules\express\lib\router\route.js:144:13)
    at Route.dispatch (E:\Extras\Projectos\Meus Projectos\Messenger\server\node_modules\express\lib\router\route.js:114:3)
2022-10-27T11:33:02.366Z	b364d965-6e58-43f7-b9df-2d3b79fba402	TypeError: Cannot read properties of undefined (reading 'current_env')
    at E:\Extras\Projectos\Meus Projectos\Messenger\server\src\controllers\auth-controller.ts:17:27
    at Generator.next (<anonymous>)
    at E:\Extras\Projectos\Meus Projectos\Messenger\server\src\controllers\auth-controller.ts:31:71
    at new Promise (<anonymous>)
    at __awaiter (E:\Extras\Projectos\Meus Projectos\Messenger\server\src\controllers\auth-controller.ts:27:12)
    at login (E:\Extras\Projectos\Meus Projectos\Messenger\server\src\controllers\auth-controller.ts:48:16)
    at E:\Extras\Projectos\Meus Projectos\Messenger\server\src\utils\async-wrapper.ts:15:21
    at Layer.handle [as handle_request] (E:\Extras\Projectos\Meus Projectos\Messenger\server\node_modules\express\lib\router\layer.js:95:5)
    at next (E:\Extras\Projectos\Meus Projectos\Messenger\server\node_modules\express\lib\router\route.js:144:13)
    at Route.dispatch (E:\Extras\Projectos\Meus Projectos\Messenger\server\node_modules\express\lib\router\route.js:114:3)
2022-10-27T11:33:02.646Z	024d01ea-2425-49cf-abfc-c1ad89716662	TypeError: Cannot read properties of undefined (reading 'current_env')
    at E:\Extras\Projectos\Meus Projectos\Messenger\server\src\controllers\auth-controller.ts:17:27
    at Generator.next (<anonymous>)
    at E:\Extras\Projectos\Meus Projectos\Messenger\server\src\controllers\auth-controller.ts:31:71
    at new Promise (<anonymous>)
    at __awaiter (E:\Extras\Projectos\Meus Projectos\Messenger\server\src\controllers\auth-controller.ts:27:12)
    at login (E:\Extras\Projectos\Meus Projectos\Messenger\server\src\controllers\auth-controller.ts:48:16)
    at E:\Extras\Projectos\Meus Projectos\Messenger\server\src\utils\async-wrapper.ts:15:21
    at Layer.handle [as handle_request] (E:\Extras\Projectos\Meus Projectos\Messenger\server\node_modules\express\lib\router\layer.js:95:5)
    at next (E:\Extras\Projectos\Meus Projectos\Messenger\server\node_modules\express\lib\router\route.js:144:13)
    at Route.dispatch (E:\Extras\Projectos\Meus Projectos\Messenger\server\node_modules\express\lib\router\route.js:114:3)
2022-10-27T11:33:03.236Z	1158550f-8f15-441f-aa28-b561e02f064c	TypeError: Cannot read properties of undefined (reading 'current_env')
    at E:\Extras\Projectos\Meus Projectos\Messenger\server\src\controllers\auth-controller.ts:17:27
    at Generator.next (<anonymous>)
    at E:\Extras\Projectos\Meus Projectos\Messenger\server\src\controllers\auth-controller.ts:31:71
    at new Promise (<anonymous>)
    at __awaiter (E:\Extras\Projectos\Meus Projectos\Messenger\server\src\controllers\auth-controller.ts:27:12)
    at login (E:\Extras\Projectos\Meus Projectos\Messenger\server\src\controllers\auth-controller.ts:48:16)
    at E:\Extras\Projectos\Meus Projectos\Messenger\server\src\utils\async-wrapper.ts:15:21
    at Layer.handle [as handle_request] (E:\Extras\Projectos\Meus Projectos\Messenger\server\node_modules\express\lib\router\layer.js:95:5)
    at next (E:\Extras\Projectos\Meus Projectos\Messenger\server\node_modules\express\lib\router\route.js:144:13)
    at Route.dispatch (E:\Extras\Projectos\Meus Projectos\Messenger\server\node_modules\express\lib\router\route.js:114:3)
2022-10-27T11:36:02.723Z	93df7b11-4665-43e2-84c7-c42ccefef7bb	TypeError: Cannot read properties of undefined (reading 'current_env')
    at E:\Extras\Projectos\Meus Projectos\Messenger\server\src\controllers\auth-controller.ts:15:27
    at Generator.next (<anonymous>)
    at E:\Extras\Projectos\Meus Projectos\Messenger\server\src\controllers\auth-controller.ts:31:71
    at new Promise (<anonymous>)
    at __awaiter (E:\Extras\Projectos\Meus Projectos\Messenger\server\src\controllers\auth-controller.ts:27:12)
    at login (E:\Extras\Projectos\Meus Projectos\Messenger\server\src\controllers\auth-controller.ts:47:16)
    at E:\Extras\Projectos\Meus Projectos\Messenger\server\src\utils\async-wrapper.ts:15:21
    at Layer.handle [as handle_request] (E:\Extras\Projectos\Meus Projectos\Messenger\server\node_modules\express\lib\router\layer.js:95:5)
    at next (E:\Extras\Projectos\Meus Projectos\Messenger\server\node_modules\express\lib\router\route.js:144:13)
    at Route.dispatch (E:\Extras\Projectos\Meus Projectos\Messenger\server\node_modules\express\lib\router\route.js:114:3)
2022-10-27T11:36:04.839Z	97372adc-1459-4474-8af4-83a2f1a8a9b5	TypeError: Cannot read properties of undefined (reading 'current_env')
    at E:\Extras\Projectos\Meus Projectos\Messenger\server\src\controllers\auth-controller.ts:15:27
    at Generator.next (<anonymous>)
    at E:\Extras\Projectos\Meus Projectos\Messenger\server\src\controllers\auth-controller.ts:31:71
    at new Promise (<anonymous>)
    at __awaiter (E:\Extras\Projectos\Meus Projectos\Messenger\server\src\controllers\auth-controller.ts:27:12)
    at login (E:\Extras\Projectos\Meus Projectos\Messenger\server\src\controllers\auth-controller.ts:47:16)
    at E:\Extras\Projectos\Meus Projectos\Messenger\server\src\utils\async-wrapper.ts:15:21
    at Layer.handle [as handle_request] (E:\Extras\Projectos\Meus Projectos\Messenger\server\node_modules\express\lib\router\layer.js:95:5)
    at next (E:\Extras\Projectos\Meus Projectos\Messenger\server\node_modules\express\lib\router\route.js:144:13)
    at Route.dispatch (E:\Extras\Projectos\Meus Projectos\Messenger\server\node_modules\express\lib\router\route.js:114:3)
2022-10-27T11:36:05.517Z	5140acbb-f001-43c3-bf4b-5734432e66ae	TypeError: Cannot read properties of undefined (reading 'current_env')
    at E:\Extras\Projectos\Meus Projectos\Messenger\server\src\controllers\auth-controller.ts:15:27
    at Generator.next (<anonymous>)
    at E:\Extras\Projectos\Meus Projectos\Messenger\server\src\controllers\auth-controller.ts:31:71
    at new Promise (<anonymous>)
    at __awaiter (E:\Extras\Projectos\Meus Projectos\Messenger\server\src\controllers\auth-controller.ts:27:12)
    at login (E:\Extras\Projectos\Meus Projectos\Messenger\server\src\controllers\auth-controller.ts:47:16)
    at E:\Extras\Projectos\Meus Projectos\Messenger\server\src\utils\async-wrapper.ts:15:21
    at Layer.handle [as handle_request] (E:\Extras\Projectos\Meus Projectos\Messenger\server\node_modules\express\lib\router\layer.js:95:5)
    at next (E:\Extras\Projectos\Meus Projectos\Messenger\server\node_modules\express\lib\router\route.js:144:13)
    at Route.dispatch (E:\Extras\Projectos\Meus Projectos\Messenger\server\node_modules\express\lib\router\route.js:114:3)
2022-10-27T11:36:07.695Z	44c56778-4769-4145-953e-cbcee43e4325	TypeError: Cannot read properties of undefined (reading 'current_env')
    at E:\Extras\Projectos\Meus Projectos\Messenger\server\src\controllers\auth-controller.ts:15:27
    at Generator.next (<anonymous>)
    at E:\Extras\Projectos\Meus Projectos\Messenger\server\src\controllers\auth-controller.ts:31:71
    at new Promise (<anonymous>)
    at __awaiter (E:\Extras\Projectos\Meus Projectos\Messenger\server\src\controllers\auth-controller.ts:27:12)
    at login (E:\Extras\Projectos\Meus Projectos\Messenger\server\src\controllers\auth-controller.ts:47:16)
    at E:\Extras\Projectos\Meus Projectos\Messenger\server\src\utils\async-wrapper.ts:15:21
    at Layer.handle [as handle_request] (E:\Extras\Projectos\Meus Projectos\Messenger\server\node_modules\express\lib\router\layer.js:95:5)
    at next (E:\Extras\Projectos\Meus Projectos\Messenger\server\node_modules\express\lib\router\route.js:144:13)
    at Route.dispatch (E:\Extras\Projectos\Meus Projectos\Messenger\server\node_modules\express\lib\router\route.js:114:3)
2022-10-27T11:36:09.423Z	301daaad-cd53-4169-ae51-f4e9e177a57f	TypeError: Cannot read properties of undefined (reading 'current_env')
    at E:\Extras\Projectos\Meus Projectos\Messenger\server\src\controllers\auth-controller.ts:15:27
    at Generator.next (<anonymous>)
    at E:\Extras\Projectos\Meus Projectos\Messenger\server\src\controllers\auth-controller.ts:31:71
    at new Promise (<anonymous>)
    at __awaiter (E:\Extras\Projectos\Meus Projectos\Messenger\server\src\controllers\auth-controller.ts:27:12)
    at login (E:\Extras\Projectos\Meus Projectos\Messenger\server\src\controllers\auth-controller.ts:47:16)
    at E:\Extras\Projectos\Meus Projectos\Messenger\server\src\utils\async-wrapper.ts:15:21
    at Layer.handle [as handle_request] (E:\Extras\Projectos\Meus Projectos\Messenger\server\node_modules\express\lib\router\layer.js:95:5)
    at next (E:\Extras\Projectos\Meus Projectos\Messenger\server\node_modules\express\lib\router\route.js:144:13)
    at Route.dispatch (E:\Extras\Projectos\Meus Projectos\Messenger\server\node_modules\express\lib\router\route.js:114:3)
2022-10-27T11:37:09.155Z	dd2c5e1b-eb46-4874-b6f2-cb23053f8f13	TypeError: Cannot read properties of undefined (reading 'current_env')
    at E:\Extras\Projectos\Meus Projectos\Messenger\server\src\controllers\auth-controller.ts:15:27
    at Generator.next (<anonymous>)
    at E:\Extras\Projectos\Meus Projectos\Messenger\server\src\controllers\auth-controller.ts:31:71
    at new Promise (<anonymous>)
    at __awaiter (E:\Extras\Projectos\Meus Projectos\Messenger\server\src\controllers\auth-controller.ts:27:12)
    at login (E:\Extras\Projectos\Meus Projectos\Messenger\server\src\controllers\auth-controller.ts:47:16)
    at E:\Extras\Projectos\Meus Projectos\Messenger\server\src\utils\async-wrapper.ts:15:21
    at Layer.handle [as handle_request] (E:\Extras\Projectos\Meus Projectos\Messenger\server\node_modules\express\lib\router\layer.js:95:5)
    at next (E:\Extras\Projectos\Meus Projectos\Messenger\server\node_modules\express\lib\router\route.js:144:13)
    at Route.dispatch (E:\Extras\Projectos\Meus Projectos\Messenger\server\node_modules\express\lib\router\route.js:114:3)
2022-10-27T12:07:12.313Z	a3d9f624-dc5b-4e6e-9e07-ef3b4f7b3f9e	TokenExpiredError: jwt expired
    at E:\Extras\Projectos\Meus Projectos\Messenger\server\node_modules\jsonwebtoken\verify.js:152:21
    at getSecret (E:\Extras\Projectos\Meus Projectos\Messenger\server\node_modules\jsonwebtoken\verify.js:90:14)
    at Object.module.exports (E:\Extras\Projectos\Meus Projectos\Messenger\server\node_modules\jsonwebtoken\verify.js:94:10)
    at E:\Extras\Projectos\Meus Projectos\Messenger\server\src\utils\jwt-helpers.ts:29:24
    at new Promise (<anonymous>)
    at verifyToken (E:\Extras\Projectos\Meus Projectos\Messenger\server\src\utils\jwt-helpers.ts:28:3)
    at E:\Extras\Projectos\Meus Projectos\Messenger\server\src\controllers\auth-controller.ts:54:50
    at Generator.next (<anonymous>)
    at E:\Extras\Projectos\Meus Projectos\Messenger\server\src\controllers\auth-controller.ts:31:71
    at new Promise (<anonymous>)
2022-10-27T12:07:12.324Z	8890461f-12af-4c97-9beb-93c2e8a29295	TokenExpiredError: jwt expired
    at E:\Extras\Projectos\Meus Projectos\Messenger\server\node_modules\jsonwebtoken\verify.js:152:21
    at getSecret (E:\Extras\Projectos\Meus Projectos\Messenger\server\node_modules\jsonwebtoken\verify.js:90:14)
    at Object.module.exports (E:\Extras\Projectos\Meus Projectos\Messenger\server\node_modules\jsonwebtoken\verify.js:94:10)
    at E:\Extras\Projectos\Meus Projectos\Messenger\server\src\utils\jwt-helpers.ts:29:24
    at new Promise (<anonymous>)
    at verifyToken (E:\Extras\Projectos\Meus Projectos\Messenger\server\src\utils\jwt-helpers.ts:28:3)
    at E:\Extras\Projectos\Meus Projectos\Messenger\server\src\controllers\auth-controller.ts:54:50
    at Generator.next (<anonymous>)
    at E:\Extras\Projectos\Meus Projectos\Messenger\server\src\controllers\auth-controller.ts:31:71
    at new Promise (<anonymous>)
2022-10-27T12:08:00.192Z	2b1f9f21-f6eb-4f48-8d51-f1389614b02d	TokenExpiredError: jwt expired
    at E:\Extras\Projectos\Meus Projectos\Messenger\server\node_modules\jsonwebtoken\verify.js:152:21
    at getSecret (E:\Extras\Projectos\Meus Projectos\Messenger\server\node_modules\jsonwebtoken\verify.js:90:14)
    at Object.module.exports (E:\Extras\Projectos\Meus Projectos\Messenger\server\node_modules\jsonwebtoken\verify.js:94:10)
    at E:\Extras\Projectos\Meus Projectos\Messenger\server\src\utils\jwt-helpers.ts:29:24
    at new Promise (<anonymous>)
    at verifyToken (E:\Extras\Projectos\Meus Projectos\Messenger\server\src\utils\jwt-helpers.ts:28:3)
    at E:\Extras\Projectos\Meus Projectos\Messenger\server\src\controllers\auth-controller.ts:54:50
    at Generator.next (<anonymous>)
    at E:\Extras\Projectos\Meus Projectos\Messenger\server\src\controllers\auth-controller.ts:31:71
    at new Promise (<anonymous>)
2022-10-27T12:08:31.216Z	244f452f-f3d3-4d01-b028-5c7eae67672d	TokenExpiredError: jwt expired
    at E:\Extras\Projectos\Meus Projectos\Messenger\server\node_modules\jsonwebtoken\verify.js:152:21
    at getSecret (E:\Extras\Projectos\Meus Projectos\Messenger\server\node_modules\jsonwebtoken\verify.js:90:14)
    at Object.module.exports (E:\Extras\Projectos\Meus Projectos\Messenger\server\node_modules\jsonwebtoken\verify.js:94:10)
    at E:\Extras\Projectos\Meus Projectos\Messenger\server\src\utils\jwt-helpers.ts:29:24
    at new Promise (<anonymous>)
    at verifyToken (E:\Extras\Projectos\Meus Projectos\Messenger\server\src\utils\jwt-helpers.ts:28:3)
    at E:\Extras\Projectos\Meus Projectos\Messenger\server\src\controllers\auth-controller.ts:54:50
    at Generator.next (<anonymous>)
    at E:\Extras\Projectos\Meus Projectos\Messenger\server\src\controllers\auth-controller.ts:31:71
    at new Promise (<anonymous>)
2022-10-27T12:16:46.231Z	c74a563a-6a22-435e-bfa0-52d6a4268744	TokenExpiredError: jwt expired
    at E:\Extras\Projectos\Meus Projectos\Messenger\server\node_modules\jsonwebtoken\verify.js:152:21
    at getSecret (E:\Extras\Projectos\Meus Projectos\Messenger\server\node_modules\jsonwebtoken\verify.js:90:14)
    at Object.module.exports (E:\Extras\Projectos\Meus Projectos\Messenger\server\node_modules\jsonwebtoken\verify.js:94:10)
    at E:\Extras\Projectos\Meus Projectos\Messenger\server\src\utils\jwt-helpers.ts:29:24
    at new Promise (<anonymous>)
    at verifyToken (E:\Extras\Projectos\Meus Projectos\Messenger\server\src\utils\jwt-helpers.ts:28:3)
    at E:\Extras\Projectos\Meus Projectos\Messenger\server\src\controllers\auth-controller.ts:54:50
    at Generator.next (<anonymous>)
    at E:\Extras\Projectos\Meus Projectos\Messenger\server\src\controllers\auth-controller.ts:31:71
    at new Promise (<anonymous>)
2022-10-27T12:16:46.248Z	4f01ab3d-ab39-48f1-882c-bac3a0ecb3da	TokenExpiredError: jwt expired
    at E:\Extras\Projectos\Meus Projectos\Messenger\server\node_modules\jsonwebtoken\verify.js:152:21
    at getSecret (E:\Extras\Projectos\Meus Projectos\Messenger\server\node_modules\jsonwebtoken\verify.js:90:14)
    at Object.module.exports (E:\Extras\Projectos\Meus Projectos\Messenger\server\node_modules\jsonwebtoken\verify.js:94:10)
    at E:\Extras\Projectos\Meus Projectos\Messenger\server\src\utils\jwt-helpers.ts:29:24
    at new Promise (<anonymous>)
    at verifyToken (E:\Extras\Projectos\Meus Projectos\Messenger\server\src\utils\jwt-helpers.ts:28:3)
    at E:\Extras\Projectos\Meus Projectos\Messenger\server\src\controllers\auth-controller.ts:54:50
    at Generator.next (<anonymous>)
    at E:\Extras\Projectos\Meus Projectos\Messenger\server\src\controllers\auth-controller.ts:31:71
    at new Promise (<anonymous>)
2022-10-27T12:16:50.199Z	4c22fa31-1775-4729-bd16-1ba987fa841b	TokenExpiredError: jwt expired
    at E:\Extras\Projectos\Meus Projectos\Messenger\server\node_modules\jsonwebtoken\verify.js:152:21
    at getSecret (E:\Extras\Projectos\Meus Projectos\Messenger\server\node_modules\jsonwebtoken\verify.js:90:14)
    at Object.module.exports (E:\Extras\Projectos\Meus Projectos\Messenger\server\node_modules\jsonwebtoken\verify.js:94:10)
    at E:\Extras\Projectos\Meus Projectos\Messenger\server\src\utils\jwt-helpers.ts:29:24
    at new Promise (<anonymous>)
    at verifyToken (E:\Extras\Projectos\Meus Projectos\Messenger\server\src\utils\jwt-helpers.ts:28:3)
    at E:\Extras\Projectos\Meus Projectos\Messenger\server\src\controllers\auth-controller.ts:54:50
    at Generator.next (<anonymous>)
    at E:\Extras\Projectos\Meus Projectos\Messenger\server\src\controllers\auth-controller.ts:31:71
    at new Promise (<anonymous>)
2022-10-27T12:17:42.212Z	8c841d03-b4c9-4b9e-a54c-eee358567abe	TokenExpiredError: jwt expired
    at E:\Extras\Projectos\Meus Projectos\Messenger\server\node_modules\jsonwebtoken\verify.js:152:21
    at getSecret (E:\Extras\Projectos\Meus Projectos\Messenger\server\node_modules\jsonwebtoken\verify.js:90:14)
    at Object.module.exports (E:\Extras\Projectos\Meus Projectos\Messenger\server\node_modules\jsonwebtoken\verify.js:94:10)
    at E:\Extras\Projectos\Meus Projectos\Messenger\server\src\utils\jwt-helpers.ts:29:24
    at new Promise (<anonymous>)
    at verifyToken (E:\Extras\Projectos\Meus Projectos\Messenger\server\src\utils\jwt-helpers.ts:28:3)
    at E:\Extras\Projectos\Meus Projectos\Messenger\server\src\controllers\auth-controller.ts:54:50
    at Generator.next (<anonymous>)
    at E:\Extras\Projectos\Meus Projectos\Messenger\server\src\controllers\auth-controller.ts:31:71
    at new Promise (<anonymous>)
2022-10-27T12:17:44.207Z	f0caf444-0100-4777-9c4e-a94206bb0ee6	TokenExpiredError: jwt expired
    at E:\Extras\Projectos\Meus Projectos\Messenger\server\node_modules\jsonwebtoken\verify.js:152:21
    at getSecret (E:\Extras\Projectos\Meus Projectos\Messenger\server\node_modules\jsonwebtoken\verify.js:90:14)
    at Object.module.exports (E:\Extras\Projectos\Meus Projectos\Messenger\server\node_modules\jsonwebtoken\verify.js:94:10)
    at E:\Extras\Projectos\Meus Projectos\Messenger\server\src\utils\jwt-helpers.ts:29:24
    at new Promise (<anonymous>)
    at verifyToken (E:\Extras\Projectos\Meus Projectos\Messenger\server\src\utils\jwt-helpers.ts:28:3)
    at E:\Extras\Projectos\Meus Projectos\Messenger\server\src\controllers\auth-controller.ts:54:50
    at Generator.next (<anonymous>)
    at E:\Extras\Projectos\Meus Projectos\Messenger\server\src\controllers\auth-controller.ts:31:71
    at new Promise (<anonymous>)
2022-10-27T12:17:53.206Z	0e6c0564-e4ce-438d-adce-4c1140fb5649	TokenExpiredError: jwt expired
    at E:\Extras\Projectos\Meus Projectos\Messenger\server\node_modules\jsonwebtoken\verify.js:152:21
    at getSecret (E:\Extras\Projectos\Meus Projectos\Messenger\server\node_modules\jsonwebtoken\verify.js:90:14)
    at Object.module.exports (E:\Extras\Projectos\Meus Projectos\Messenger\server\node_modules\jsonwebtoken\verify.js:94:10)
    at E:\Extras\Projectos\Meus Projectos\Messenger\server\src\utils\jwt-helpers.ts:29:24
    at new Promise (<anonymous>)
    at verifyToken (E:\Extras\Projectos\Meus Projectos\Messenger\server\src\utils\jwt-helpers.ts:28:3)
    at E:\Extras\Projectos\Meus Projectos\Messenger\server\src\controllers\auth-controller.ts:54:50
    at Generator.next (<anonymous>)
    at E:\Extras\Projectos\Meus Projectos\Messenger\server\src\controllers\auth-controller.ts:31:71
    at new Promise (<anonymous>)
2022-10-27T12:17:55.219Z	8f25728e-630a-438a-a137-a970aa6e850c	TokenExpiredError: jwt expired
    at E:\Extras\Projectos\Meus Projectos\Messenger\server\node_modules\jsonwebtoken\verify.js:152:21
    at getSecret (E:\Extras\Projectos\Meus Projectos\Messenger\server\node_modules\jsonwebtoken\verify.js:90:14)
    at Object.module.exports (E:\Extras\Projectos\Meus Projectos\Messenger\server\node_modules\jsonwebtoken\verify.js:94:10)
    at E:\Extras\Projectos\Meus Projectos\Messenger\server\src\utils\jwt-helpers.ts:29:24
    at new Promise (<anonymous>)
    at verifyToken (E:\Extras\Projectos\Meus Projectos\Messenger\server\src\utils\jwt-helpers.ts:28:3)
    at E:\Extras\Projectos\Meus Projectos\Messenger\server\src\controllers\auth-controller.ts:54:50
    at Generator.next (<anonymous>)
    at E:\Extras\Projectos\Meus Projectos\Messenger\server\src\controllers\auth-controller.ts:31:71
    at new Promise (<anonymous>)
2022-10-27T12:18:09.203Z	1a1c883f-bbe5-4e86-bb82-c8771a11907d	TokenExpiredError: jwt expired
    at E:\Extras\Projectos\Meus Projectos\Messenger\server\node_modules\jsonwebtoken\verify.js:152:21
    at getSecret (E:\Extras\Projectos\Meus Projectos\Messenger\server\node_modules\jsonwebtoken\verify.js:90:14)
    at Object.module.exports (E:\Extras\Projectos\Meus Projectos\Messenger\server\node_modules\jsonwebtoken\verify.js:94:10)
    at E:\Extras\Projectos\Meus Projectos\Messenger\server\src\utils\jwt-helpers.ts:29:24
    at new Promise (<anonymous>)
    at verifyToken (E:\Extras\Projectos\Meus Projectos\Messenger\server\src\utils\jwt-helpers.ts:28:3)
    at E:\Extras\Projectos\Meus Projectos\Messenger\server\src\controllers\auth-controller.ts:54:50
    at Generator.next (<anonymous>)
    at E:\Extras\Projectos\Meus Projectos\Messenger\server\src\controllers\auth-controller.ts:31:71
    at new Promise (<anonymous>)
2022-10-27T12:18:18.202Z	8aceceb6-d707-411d-9710-ddf3adc0e4a2	TokenExpiredError: jwt expired
    at E:\Extras\Projectos\Meus Projectos\Messenger\server\node_modules\jsonwebtoken\verify.js:152:21
    at getSecret (E:\Extras\Projectos\Meus Projectos\Messenger\server\node_modules\jsonwebtoken\verify.js:90:14)
    at Object.module.exports (E:\Extras\Projectos\Meus Projectos\Messenger\server\node_modules\jsonwebtoken\verify.js:94:10)
    at E:\Extras\Projectos\Meus Projectos\Messenger\server\src\utils\jwt-helpers.ts:29:24
    at new Promise (<anonymous>)
    at verifyToken (E:\Extras\Projectos\Meus Projectos\Messenger\server\src\utils\jwt-helpers.ts:28:3)
    at E:\Extras\Projectos\Meus Projectos\Messenger\server\src\controllers\auth-controller.ts:54:50
    at Generator.next (<anonymous>)
    at E:\Extras\Projectos\Meus Projectos\Messenger\server\src\controllers\auth-controller.ts:31:71
    at new Promise (<anonymous>)
2022-10-27T12:19:41.029Z	9818ce0b-5831-4726-ab30-00f87302f859	TokenExpiredError: jwt expired
    at E:\Extras\Projectos\Meus Projectos\Messenger\server\node_modules\jsonwebtoken\verify.js:152:21
    at getSecret (E:\Extras\Projectos\Meus Projectos\Messenger\server\node_modules\jsonwebtoken\verify.js:90:14)
    at Object.module.exports (E:\Extras\Projectos\Meus Projectos\Messenger\server\node_modules\jsonwebtoken\verify.js:94:10)
    at E:\Extras\Projectos\Meus Projectos\Messenger\server\src\utils\jwt-helpers.ts:29:24
    at new Promise (<anonymous>)
    at verifyToken (E:\Extras\Projectos\Meus Projectos\Messenger\server\src\utils\jwt-helpers.ts:28:3)
    at E:\Extras\Projectos\Meus Projectos\Messenger\server\src\controllers\auth-controller.ts:54:50
    at Generator.next (<anonymous>)
    at E:\Extras\Projectos\Meus Projectos\Messenger\server\src\controllers\auth-controller.ts:31:71
    at new Promise (<anonymous>)
2022-10-27T12:19:41.039Z	7a097bf7-d080-4595-8d0c-88efda56adb8	TokenExpiredError: jwt expired
    at E:\Extras\Projectos\Meus Projectos\Messenger\server\node_modules\jsonwebtoken\verify.js:152:21
    at getSecret (E:\Extras\Projectos\Meus Projectos\Messenger\server\node_modules\jsonwebtoken\verify.js:90:14)
    at Object.module.exports (E:\Extras\Projectos\Meus Projectos\Messenger\server\node_modules\jsonwebtoken\verify.js:94:10)
    at E:\Extras\Projectos\Meus Projectos\Messenger\server\src\utils\jwt-helpers.ts:29:24
    at new Promise (<anonymous>)
    at verifyToken (E:\Extras\Projectos\Meus Projectos\Messenger\server\src\utils\jwt-helpers.ts:28:3)
    at E:\Extras\Projectos\Meus Projectos\Messenger\server\src\controllers\auth-controller.ts:54:50
    at Generator.next (<anonymous>)
    at E:\Extras\Projectos\Meus Projectos\Messenger\server\src\controllers\auth-controller.ts:31:71
    at new Promise (<anonymous>)
2022-10-27T23:47:57.293Z	8b35f0c3-f557-41ca-a4ad-971e4673a330	PayloadTooLargeError: request entity too large
    at readStream (E:\Extras\Projectos\Meus Projectos\Messenger\server\node_modules\raw-body\index.js:156:17)
    at getRawBody (E:\Extras\Projectos\Meus Projectos\Messenger\server\node_modules\raw-body\index.js:109:12)
    at read (E:\Extras\Projectos\Meus Projectos\Messenger\server\node_modules\body-parser\lib\read.js:79:3)
    at jsonParser (E:\Extras\Projectos\Meus Projectos\Messenger\server\node_modules\body-parser\lib\types\json.js:135:5)
    at Layer.handle [as handle_request] (E:\Extras\Projectos\Meus Projectos\Messenger\server\node_modules\express\lib\router\layer.js:95:5)
    at trim_prefix (E:\Extras\Projectos\Meus Projectos\Messenger\server\node_modules\express\lib\router\index.js:328:13)
    at E:\Extras\Projectos\Meus Projectos\Messenger\server\node_modules\express\lib\router\index.js:286:9
    at Function.process_params (E:\Extras\Projectos\Meus Projectos\Messenger\server\node_modules\express\lib\router\index.js:346:12)
    at next (E:\Extras\Projectos\Meus Projectos\Messenger\server\node_modules\express\lib\router\index.js:280:10)
    at internalNext (E:\Extras\Projectos\Meus Projectos\Messenger\server\node_modules\helmet\dist\cjs\index.js:448:6)
